[0.010s] Invoking command in '/home/gomi/urdf_study/build/urdf_study': /home/gomi/.local/bin/cmake --build /home/gomi/urdf_study/build/urdf_study -- -j8 -l8
[0.053s] -- Found ament_cmake: 1.3.4 (/opt/ros/humble/share/ament_cmake/cmake)
[0.133s] Traceback (most recent call last):
[0.133s]   File "/opt/ros/humble/share/ament_cmake_core/cmake/package_templates/templates_2_cmake.py", line 21, in <module>
[0.133s]     from ament_package.templates import get_environment_hook_template_path
[0.134s] ModuleNotFoundError: No module named 'ament_package'
[0.142s] [31mCMake Error at /opt/ros/humble/share/ament_cmake_core/cmake/ament_cmake_package_templates-extras.cmake:41 (message):
[0.143s]   execute_process(/usr/bin/python3.10
[0.143s]   /opt/ros/humble/share/ament_cmake_core/cmake/package_templates/templates_2_cmake.py
[0.143s]   /home/gomi/urdf_study/build/urdf_study/ament_cmake_package_templates/templates.cmake)
[0.143s]   returned error code 1
[0.143s] Call Stack (most recent call first):
[0.143s]   /opt/ros/humble/share/ament_cmake_core/cmake/ament_cmake_coreConfig.cmake:41 (include)
[0.143s]   /opt/ros/humble/share/ament_cmake/cmake/ament_cmake_export_dependencies-extras.cmake:15 (find_package)
[0.143s]   /opt/ros/humble/share/ament_cmake/cmake/ament_cmakeConfig.cmake:41 (include)
[0.143s]   CMakeLists.txt:14 (find_package)
[0.143s] 
[0.143s] [0m
[0.143s] -- Configuring incomplete, errors occurred!
[0.144s] gmake: *** [Makefile:226: cmake_check_build_system] Error 1
[0.172s] Invoked command in '/home/gomi/urdf_study/build/urdf_study' returned '2': /home/gomi/.local/bin/cmake --build /home/gomi/urdf_study/build/urdf_study -- -j8 -l8
